<?xml version="1.0" encoding="UTF-8"?>
<testsuite name="com.netflix.zuul.filters.processor.FilterProcessorTest" tests="1" skipped="0" failures="0" errors="0" timestamp="2020-06-17T23:01:04" hostname="dev-dsk-racachar-2a-26e049c6.us-west-2.amazon.com" time="0.031">
  <properties/>
  <testcase name="allFilterClassedRecorded" classname="com.netflix.zuul.filters.processor.FilterProcessorTest" time="0.031"/>
  <system-out><![CDATA[]]></system-out>
  <system-err><![CDATA[SLF4J: Failed to load class "org.slf4j.impl.StaticLoggerBinder".
SLF4J: Defaulting to no-operation (NOP) logger implementation
SLF4J: See http://www.slf4j.org/codes.html#StaticLoggerBinder for further details.
]]></system-err>
</testsuite>
