<?xml version="1.0" encoding="UTF-8"?>
<testsuite name="com.netflix.zuul.StaticFilterLoaderTest" tests="2" skipped="0" failures="0" errors="0" timestamp="2020-06-17T23:00:55" hostname="dev-dsk-racachar-2a-26e049c6.us-west-2.amazon.com" time="0.007">
  <properties/>
  <testcase name="getFilterByNameAndType" classname="com.netflix.zuul.StaticFilterLoaderTest" time="0.006"/>
  <testcase name="getFiltersByType" classname="com.netflix.zuul.StaticFilterLoaderTest" time="0.001"/>
  <system-out><![CDATA[]]></system-out>
  <system-err><![CDATA[]]></system-err>
</testsuite>
