<?xml version="1.0" encoding="UTF-8"?>
<testsuite name="com.netflix.zuul.netty.ssl.ClientSslContextFactoryTest" tests="2" skipped="0" failures="0" errors="0" timestamp="2020-06-17T23:00:51" hostname="dev-dsk-racachar-2a-26e049c6.us-west-2.amazon.com" time="0.402">
  <properties/>
  <testcase name="enableTls13" classname="com.netflix.zuul.netty.ssl.ClientSslContextFactoryTest" time="0.401"/>
  <testcase name="disableTls13" classname="com.netflix.zuul.netty.ssl.ClientSslContextFactoryTest" time="0.001"/>
  <system-out><![CDATA[]]></system-out>
  <system-err><![CDATA[]]></system-err>
</testsuite>
