<?xml version="1.0" encoding="UTF-8"?>
<testsuite name="com.netflix.zuul.FilterFileManagerTest" tests="1" skipped="0" failures="0" errors="0" timestamp="2020-06-17T23:00:55" hostname="dev-dsk-racachar-2a-26e049c6.us-west-2.amazon.com" time="0.033">
  <properties/>
  <testcase name="testFileManagerInit" classname="com.netflix.zuul.FilterFileManagerTest" time="0.033"/>
  <system-out><![CDATA[]]></system-out>
  <system-err><![CDATA[[Test worker] WARN com.netflix.zuul.FilterFileManager - Finished loading all zuul filters. Duration = 0 ms.
]]></system-err>
</testsuite>
