<?xml version="1.0" encoding="UTF-8"?>
<testsuite name="com.netflix.netty.common.SourceAddressChannelHandlerTest" tests="5" skipped="0" failures="0" errors="0" timestamp="2020-06-17T23:00:44" hostname="dev-dsk-racachar-2a-26e049c6.us-west-2.amazon.com" time="0.002">
  <properties/>
  <testcase name="ipv6AddressScopeIdRemoved" classname="com.netflix.netty.common.SourceAddressChannelHandlerTest" time="0.001"/>
  <testcase name="failsOnUnresolved" classname="com.netflix.netty.common.SourceAddressChannelHandlerTest" time="0.0"/>
  <testcase name="ipv4AddressString" classname="com.netflix.netty.common.SourceAddressChannelHandlerTest" time="0.0"/>
  <testcase name="ipv6AddressScopeNameRemoved" classname="com.netflix.netty.common.SourceAddressChannelHandlerTest" time="0.001"/>
  <testcase name="mapsIpv4AddressFromIpv6Address" classname="com.netflix.netty.common.SourceAddressChannelHandlerTest" time="0.0"/>
  <system-out><![CDATA[]]></system-out>
  <system-err><![CDATA[]]></system-err>
</testsuite>
