<?xml version="1.0" encoding="UTF-8"?>
<testsuite name="com.netflix.netty.common.metrics.InstrumentedResourceLeakDetectorTest" tests="1" skipped="0" failures="0" errors="0" timestamp="2020-06-17T23:00:44" hostname="dev-dsk-racachar-2a-26e049c6.us-west-2.amazon.com" time="0.034">
  <properties/>
  <testcase name="test" classname="com.netflix.netty.common.metrics.InstrumentedResourceLeakDetectorTest" time="0.034"/>
  <system-out><![CDATA[]]></system-out>
  <system-err><![CDATA[[Test worker] ERROR io.netty.util.ResourceLeakDetector - LEAK: test.release() was not called before it's garbage-collected. See https://netty.io/wiki/reference-counted-objects.html for more information.test
[Test worker] ERROR io.netty.util.ResourceLeakDetector - LEAK: test.release() was not called before it's garbage-collected. See https://netty.io/wiki/reference-counted-objects.html for more information.test
[Test worker] ERROR io.netty.util.ResourceLeakDetector - LEAK: test.release() was not called before it's garbage-collected. See https://netty.io/wiki/reference-counted-objects.html for more information.test
]]></system-err>
</testsuite>
