<?xml version="1.0" encoding="UTF-8"?>
<testsuite name="com.netflix.zuul.message.http.HttpQueryParamsTest" tests="9" skipped="0" failures="0" errors="0" timestamp="2020-06-17T23:00:55" hostname="dev-dsk-racachar-2a-26e049c6.us-west-2.amazon.com" time="0.002">
  <properties/>
  <testcase name="testParseKeysWithoutValues" classname="com.netflix.zuul.message.http.HttpQueryParamsTest" time="0.0"/>
  <testcase name="testToString" classname="com.netflix.zuul.message.http.HttpQueryParamsTest" time="0.0"/>
  <testcase name="testToEncodedString" classname="com.netflix.zuul.message.http.HttpQueryParamsTest" time="0.001"/>
  <testcase name="testMultiples" classname="com.netflix.zuul.message.http.HttpQueryParamsTest" time="0.0"/>
  <testcase name="testParseKeysWithoutValuesMixedTrailers" classname="com.netflix.zuul.message.http.HttpQueryParamsTest" time="0.0"/>
  <testcase name="testParseKeyWithoutValueShort" classname="com.netflix.zuul.message.http.HttpQueryParamsTest" time="0.001"/>
  <testcase name="testEquals" classname="com.netflix.zuul.message.http.HttpQueryParamsTest" time="0.0"/>
  <testcase name="testParseKeyWithoutValueEquals" classname="com.netflix.zuul.message.http.HttpQueryParamsTest" time="0.0"/>
  <testcase name="testParseKeyWithoutValue" classname="com.netflix.zuul.message.http.HttpQueryParamsTest" time="0.0"/>
  <system-out><![CDATA[]]></system-out>
  <system-err><![CDATA[]]></system-err>
</testsuite>
