<?xml version="1.0" encoding="UTF-8"?>
<testsuite name="com.netflix.zuul.netty.connectionpool.DefaultClientChannelManagerTest" tests="6" skipped="0" failures="0" errors="0" timestamp="2020-06-17T23:00:55" hostname="dev-dsk-racachar-2a-26e049c6.us-west-2.amazon.com" time="0.017">
  <properties/>
  <testcase name="deriveInstanceInfoInternal_nonDiscovery" classname="com.netflix.zuul.netty.connectionpool.DefaultClientChannelManagerTest" time="0.005"/>
  <testcase name="pickAddressInternal_nonDiscovery" classname="com.netflix.zuul.netty.connectionpool.DefaultClientChannelManagerTest" time="0.007"/>
  <testcase name="pickAddressInternal_discovery" classname="com.netflix.zuul.netty.connectionpool.DefaultClientChannelManagerTest" time="0.002"/>
  <testcase name="pickAddressInternal_discovery_unresolved" classname="com.netflix.zuul.netty.connectionpool.DefaultClientChannelManagerTest" time="0.001"/>
  <testcase name="pickAddressInternal_nonDiscovery_unresolved" classname="com.netflix.zuul.netty.connectionpool.DefaultClientChannelManagerTest" time="0.001"/>
  <testcase name="deriveInstanceInfoInternal_discovery" classname="com.netflix.zuul.netty.connectionpool.DefaultClientChannelManagerTest" time="0.0"/>
  <system-out><![CDATA[]]></system-out>
  <system-err><![CDATA[[Test worker] WARN com.netflix.zuul.netty.connectionpool.DefaultClientChannelManager - NettyClientConnectionFactory got an unresolved address, addr: localhost
[Test worker] WARN com.netflix.zuul.netty.connectionpool.DefaultClientChannelManager - NettyClientConnectionFactory got an unresolved address, addr: localhost
]]></system-err>
</testsuite>
