<?xml version="1.0" encoding="UTF-8"?>
<testsuite name="com.netflix.zuul.DynamicFilterLoaderTest" tests="5" skipped="0" failures="0" errors="0" timestamp="2020-06-17T23:00:55" hostname="dev-dsk-racachar-2a-26e049c6.us-west-2.amazon.com" time="0.108">
  <properties/>
  <testcase name="testPutFiltersForClassesException" classname="com.netflix.zuul.DynamicFilterLoaderTest" time="0.099"/>
  <testcase name="testGetFilterFromString" classname="com.netflix.zuul.DynamicFilterLoaderTest" time="0.002"/>
  <testcase name="testGetFilterFromFile" classname="com.netflix.zuul.DynamicFilterLoaderTest" time="0.001"/>
  <testcase name="testGetFiltersByType" classname="com.netflix.zuul.DynamicFilterLoaderTest" time="0.005"/>
  <testcase name="testPutFiltersForClasses" classname="com.netflix.zuul.DynamicFilterLoaderTest" time="0.001"/>
  <system-out><![CDATA[]]></system-out>
  <system-err><![CDATA[[Test worker] INFO com.netflix.zuul.FilterLoader - reloading code 
]]></system-err>
</testsuite>
