<?xml version="1.0" encoding="UTF-8"?>
<testsuite name="com.netflix.zuul.netty.server.ClientRequestReceiverTest" tests="2" skipped="0" failures="0" errors="0" timestamp="2020-06-17T23:00:52" hostname="dev-dsk-racachar-2a-26e049c6.us-west-2.amazon.com" time="0.05">
  <properties/>
  <testcase name="largeResponse_aboveLimit" classname="com.netflix.zuul.netty.server.ClientRequestReceiverTest" time="0.048"/>
  <testcase name="largeResponse_atLimit" classname="com.netflix.zuul.netty.server.ClientRequestReceiverTest" time="0.002"/>
  <system-out><![CDATA[]]></system-out>
  <system-err><![CDATA[]]></system-err>
</testsuite>
