<?xml version="1.0" encoding="UTF-8"?>
<testsuite name="com.netflix.zuul.stats.StatsManagerTest" tests="6" skipped="0" failures="0" errors="0" timestamp="2020-06-17T23:00:55" hostname="dev-dsk-racachar-2a-26e049c6.us-west-2.amazon.com" time="0.042">
  <properties/>
  <testcase name="isIPv6" classname="com.netflix.zuul.stats.StatsManagerTest" time="0.001"/>
  <testcase name="testCollectRequestStats" classname="com.netflix.zuul.stats.StatsManagerTest" time="0.039"/>
  <testcase name="testGetRouteStatusCodeMonitor" classname="com.netflix.zuul.stats.StatsManagerTest" time="0.0"/>
  <testcase name="extractsClientIpFromXForwardedFor" classname="com.netflix.zuul.stats.StatsManagerTest" time="0.0"/>
  <testcase name="testCollectRouteStats" classname="com.netflix.zuul.stats.StatsManagerTest" time="0.001"/>
  <testcase name="createsNormalizedHostKey" classname="com.netflix.zuul.stats.StatsManagerTest" time="0.0"/>
  <system-out><![CDATA[]]></system-out>
  <system-err><![CDATA[]]></system-err>
</testsuite>
